<?xml version="1.0" encoding="UTF-8"?>
<!-- Generated by org.testng.reporters.JUnitReportReporter -->
<testsuite hostname="shrutis-MacBook-Pro.local" name="example.TestngProg1" tests="1" failures="1" timestamp="3 Apr 2016 00:06:02 GMT" time="51.309" errors="0">
  <testcase name="testGoogle" time="51.309" classname="example.TestngProg1">
    <failure type="org.openqa.selenium.WebDriverException" message="Failed to connect to binary FirefoxBinary(/Applications/Firefox.app/Contents/MacOS/firefox-bin) on port 7055; process output follows: 
: {&quot;app-profile&quot;:{&quot;fxdriver@googlecode.com&quot;:{&quot;d&quot;:&quot;/var/folders/5t/cklrpd6s5pjgw8mvg4592fl80000gn/T/anonymous6113215824106626026webdriver-profile/extensions/fxdriver@googlecode.com&quot;,&quot;e&quot;:false,&quot;v&quot;:&quot;2.45.0&quot;,&quot;st&quot;:1459641910000,&quot;mt&quot;:1459641910000}},&quot;app-system-defaults&quot;:{&quot;loop@mozilla.org&quot;:{&quot;d&quot;:&quot;/Applications/Firefox.app/Contents/Resources/browser/features/loop@mozilla.org.xpi&quot;,&quot;e&quot;:true,&quot;v&quot;:&quot;0.1&quot;,&quot;st&quot;:1458362229000}},&quot;app-global&quot;:{&quot;{972ce4c6-7e08-4474-a285-3208198ce6fd}&quot;:{&quot;d&quot;:&quot;/Applications/Firefox.app/Contents/Resources/browser/extensions/{972ce4c6-7e08-4474-a285-3208198ce6fd}.xpi&quot;,&quot;e&quot;:true,&quot;v&quot;:&quot;45.0.1&quot;,&quot;st&quot;:1458362229000}}}
1459641916820	addons.xpi	DEBUG	Existing add-on fxdriver@googlecode.com in app-profile
1459641916820	addons.xpi	DEBUG	getModTime: Recursive scan of loop@mozilla.org
1459641916820	addons.xpi	DEBUG	Existing add-on loop@mozilla.org in app-system-defaults
1459641916820	addons.xpi	DEBUG	getModTime: Recursive scan of {972ce4c6-7e08-4474-a285-3208198ce6fd}
1459641916821	addons.xpi	DEBUG	Existing add-on {972ce4c6-7e08-4474-a285-3208198ce6fd} in app-global
1459641916821	addons.xpi	DEBUG	getInstallState changed: false, state: {&quot;app-profile&quot;:{&quot;fxdriver@googlecode.com&quot;:{&quot;d&quot;:&quot;/var/folders/5t/cklrpd6s5pjgw8mvg4592fl80000gn/T/anonymous6113215824106626026webdriver-profile/extensions/fxdriver@googlecode.com&quot;,&quot;e&quot;:false,&quot;v&quot;:&quot;2.45.0&quot;,&quot;st&quot;:1459641910000,&quot;mt&quot;:1459641910000}},&quot;app-system-defaults&quot;:{&quot;loop@mozilla.org&quot;:{&quot;d&quot;:&quot;/Applications/Firefox.app/Contents/Resources/browser/features/loop@mozilla.org.xpi&quot;,&quot;e&quot;:true,&quot;v&quot;:&quot;0.1&quot;,&quot;st&quot;:1458362229000}},&quot;app-global&quot;:{&quot;{972ce4c6-7e08-4474-a285-3208198ce6fd}&quot;:{&quot;d&quot;:&quot;/Applications/Firefox.app/Contents/Resources/browser/extensions/{972ce4c6-7e08-4474-a285-3208198ce6fd}.xpi&quot;,&quot;e&quot;:true,&quot;v&quot;:&quot;45.0.1&quot;,&quot;st&quot;:1458362229000}}}
1459641916822	addons.xpi	DEBUG	No changes found
1459641916826	addons.xpi	DEBUG	Registering manifest for /Applications/Firefox.app/Contents/Resources/browser/features/loop@mozilla.org.xpi
1459641916826	addons.xpi	DEBUG	Loading bootstrap scope from /Applications/Firefox.app/Contents/Resources/browser/features/loop@mozilla.org.xpi
1459641916834	addons.xpi	DEBUG	Calling bootstrap method startup on loop@mozilla.org version 0.1
1459641916845	addons.xpi-utils	DEBUG	Starting async load of XPI database /var/folders/5t/cklrpd6s5pjgw8mvg4592fl80000gn/T/anonymous6113215824106626026webdriver-profile/extensions.json
1459641916850	addons.manager	DEBUG	Starting provider: &lt;unnamed-provider&gt;
1459641916850	addons.manager	DEBUG	Registering shutdown blocker for &lt;unnamed-provider&gt;
1459641916850	addons.manager	DEBUG	Provider finished startup: &lt;unnamed-provider&gt;
1459641916857	addons.manager	DEBUG	Registering shutdown blocker for XPIProvider
1459641916857	addons.manager	DEBUG	Provider finished startup: XPIProvider
1459641916858	addons.manager	DEBUG	Starting provider: LightweightThemeManager
1459641916858	addons.manager	DEBUG	Registering shutdown blocker for LightweightThemeManager
1459641916858	addons.manager	DEBUG	Provider finished startup: LightweightThemeManager
1459641916858	addons.manager	DEBUG	Starting provider: GMPProvider
1459641916861	addons.manager	DEBUG	Registering shutdown blocker for GMPProvider
1459641916861	addons.manager	DEBUG	Provider finished startup: GMPProvider
1459641916861	addons.manager	DEBUG	Starting provider: PluginProvider
1459641916861	addons.manager	DEBUG	Registering shutdown blocker for PluginProvider
1459641916861	addons.manager	DEBUG	Provider finished startup: PluginProvider
1459641916861	addons.manager	DEBUG	Completed startup sequence
1459641917039	addons.xpi-utils	DEBUG	Async JSON file read took 0 MS
1459641917039	addons.xpi-utils	DEBUG	Finished async read of XPI database, parsing...
1459641917040	addons.xpi-utils	DEBUG	Successfully read XPI database
*** Blocklist::_loadBlocklistFromFile: blocklist is disabled
1459641917109	addons.manager	DEBUG	Starting provider: PreviousExperimentProvider
1459641917109	addons.manager	DEBUG	Registering shutdown blocker for PreviousExperimentProvider
1459641917109	addons.manager	DEBUG	Provider finished startup: PreviousExperimentProvider

Build info: version: &#039;2.45.0&#039;, revision: &#039;5017cb8e7ca8e37638dc3091b2440b90a1d8686f&#039;, time: &#039;2015-02-27 09:10:26&#039;
System info: host: &#039;shrutis-MacBook-Pro.local&#039;, ip: &#039;192.168.0.10&#039;, os.name: &#039;Mac OS X&#039;, os.arch: &#039;x86_64&#039;, os.version: &#039;10.11&#039;, java.version: &#039;1.8.0_71&#039;
Driver info: driver.version: FirefoxDriver">
      <![CDATA[org.openqa.selenium.WebDriverException: Failed to connect to binary FirefoxBinary(/Applications/Firefox.app/Contents/MacOS/firefox-bin) on port 7055; process output follows: 
: {"app-profile":{"fxdriver@googlecode.com":{"d":"/var/folders/5t/cklrpd6s5pjgw8mvg4592fl80000gn/T/anonymous6113215824106626026webdriver-profile/extensions/fxdriver@googlecode.com","e":false,"v":"2.45.0","st":1459641910000,"mt":1459641910000}},"app-system-defaults":{"loop@mozilla.org":{"d":"/Applications/Firefox.app/Contents/Resources/browser/features/loop@mozilla.org.xpi","e":true,"v":"0.1","st":1458362229000}},"app-global":{"{972ce4c6-7e08-4474-a285-3208198ce6fd}":{"d":"/Applications/Firefox.app/Contents/Resources/browser/extensions/{972ce4c6-7e08-4474-a285-3208198ce6fd}.xpi","e":true,"v":"45.0.1","st":1458362229000}}}
1459641916820	addons.xpi	DEBUG	Existing add-on fxdriver@googlecode.com in app-profile
1459641916820	addons.xpi	DEBUG	getModTime: Recursive scan of loop@mozilla.org
1459641916820	addons.xpi	DEBUG	Existing add-on loop@mozilla.org in app-system-defaults
1459641916820	addons.xpi	DEBUG	getModTime: Recursive scan of {972ce4c6-7e08-4474-a285-3208198ce6fd}
1459641916821	addons.xpi	DEBUG	Existing add-on {972ce4c6-7e08-4474-a285-3208198ce6fd} in app-global
1459641916821	addons.xpi	DEBUG	getInstallState changed: false, state: {"app-profile":{"fxdriver@googlecode.com":{"d":"/var/folders/5t/cklrpd6s5pjgw8mvg4592fl80000gn/T/anonymous6113215824106626026webdriver-profile/extensions/fxdriver@googlecode.com","e":false,"v":"2.45.0","st":1459641910000,"mt":1459641910000}},"app-system-defaults":{"loop@mozilla.org":{"d":"/Applications/Firefox.app/Contents/Resources/browser/features/loop@mozilla.org.xpi","e":true,"v":"0.1","st":1458362229000}},"app-global":{"{972ce4c6-7e08-4474-a285-3208198ce6fd}":{"d":"/Applications/Firefox.app/Contents/Resources/browser/extensions/{972ce4c6-7e08-4474-a285-3208198ce6fd}.xpi","e":true,"v":"45.0.1","st":1458362229000}}}
1459641916822	addons.xpi	DEBUG	No changes found
1459641916826	addons.xpi	DEBUG	Registering manifest for /Applications/Firefox.app/Contents/Resources/browser/features/loop@mozilla.org.xpi
1459641916826	addons.xpi	DEBUG	Loading bootstrap scope from /Applications/Firefox.app/Contents/Resources/browser/features/loop@mozilla.org.xpi
1459641916834	addons.xpi	DEBUG	Calling bootstrap method startup on loop@mozilla.org version 0.1
1459641916845	addons.xpi-utils	DEBUG	Starting async load of XPI database /var/folders/5t/cklrpd6s5pjgw8mvg4592fl80000gn/T/anonymous6113215824106626026webdriver-profile/extensions.json
1459641916850	addons.manager	DEBUG	Starting provider: <unnamed-provider>
1459641916850	addons.manager	DEBUG	Registering shutdown blocker for <unnamed-provider>
1459641916850	addons.manager	DEBUG	Provider finished startup: <unnamed-provider>
1459641916857	addons.manager	DEBUG	Registering shutdown blocker for XPIProvider
1459641916857	addons.manager	DEBUG	Provider finished startup: XPIProvider
1459641916858	addons.manager	DEBUG	Starting provider: LightweightThemeManager
1459641916858	addons.manager	DEBUG	Registering shutdown blocker for LightweightThemeManager
1459641916858	addons.manager	DEBUG	Provider finished startup: LightweightThemeManager
1459641916858	addons.manager	DEBUG	Starting provider: GMPProvider
1459641916861	addons.manager	DEBUG	Registering shutdown blocker for GMPProvider
1459641916861	addons.manager	DEBUG	Provider finished startup: GMPProvider
1459641916861	addons.manager	DEBUG	Starting provider: PluginProvider
1459641916861	addons.manager	DEBUG	Registering shutdown blocker for PluginProvider
1459641916861	addons.manager	DEBUG	Provider finished startup: PluginProvider
1459641916861	addons.manager	DEBUG	Completed startup sequence
1459641917039	addons.xpi-utils	DEBUG	Async JSON file read took 0 MS
1459641917039	addons.xpi-utils	DEBUG	Finished async read of XPI database, parsing...
1459641917040	addons.xpi-utils	DEBUG	Successfully read XPI database
*** Blocklist::_loadBlocklistFromFile: blocklist is disabled
1459641917109	addons.manager	DEBUG	Starting provider: PreviousExperimentProvider
1459641917109	addons.manager	DEBUG	Registering shutdown blocker for PreviousExperimentProvider
1459641917109	addons.manager	DEBUG	Provider finished startup: PreviousExperimentProvider

Build info: version: '2.45.0', revision: '5017cb8e7ca8e37638dc3091b2440b90a1d8686f', time: '2015-02-27 09:10:26'
System info: host: 'shrutis-MacBook-Pro.local', ip: '192.168.0.10', os.name: 'Mac OS X', os.arch: 'x86_64', os.version: '10.11', java.version: '1.8.0_71'
Driver info: driver.version: FirefoxDriver
	at org.openqa.selenium.firefox.internal.NewProfileExtensionConnection.start(NewProfileExtensionConnection.java:130)
	at org.openqa.selenium.firefox.FirefoxDriver.startClient(FirefoxDriver.java:246)
	at org.openqa.selenium.remote.RemoteWebDriver.<init>(RemoteWebDriver.java:114)
	at org.openqa.selenium.firefox.FirefoxDriver.<init>(FirefoxDriver.java:191)
	at org.openqa.selenium.firefox.FirefoxDriver.<init>(FirefoxDriver.java:186)
	at org.openqa.selenium.firefox.FirefoxDriver.<init>(FirefoxDriver.java:182)
	at org.openqa.selenium.firefox.FirefoxDriver.<init>(FirefoxDriver.java:95)
	at example.TestngProg1.testGoogle(TestngProg1.java:11)
	at sun.reflect.NativeMethodAccessorImpl.invoke0(Native Method)
	at sun.reflect.NativeMethodAccessorImpl.invoke(NativeMethodAccessorImpl.java:62)
	at sun.reflect.DelegatingMethodAccessorImpl.invoke(DelegatingMethodAccessorImpl.java:43)
	at java.lang.reflect.Method.invoke(Method.java:497)
	at org.testng.internal.MethodInvocationHelper.invokeMethod(MethodInvocationHelper.java:80)
	at org.testng.internal.Invoker.invokeMethod(Invoker.java:714)
	at org.testng.internal.Invoker.invokeTestMethod(Invoker.java:901)
	at org.testng.internal.Invoker.invokeTestMethods(Invoker.java:1231)
	at org.testng.internal.TestMethodWorker.invokeTestMethods(TestMethodWorker.java:127)
	at org.testng.internal.TestMethodWorker.run(TestMethodWorker.java:111)
	at org.testng.TestRunner.privateRun(TestRunner.java:767)
	at org.testng.TestRunner.run(TestRunner.java:617)
	at org.testng.SuiteRunner.runTest(SuiteRunner.java:334)
	at org.testng.SuiteRunner.runSequentially(SuiteRunner.java:329)
	at org.testng.SuiteRunner.privateRun(SuiteRunner.java:291)
	at org.testng.SuiteRunner.run(SuiteRunner.java:240)
	at org.testng.SuiteRunnerWorker.runSuite(SuiteRunnerWorker.java:52)
	at org.testng.SuiteRunnerWorker.run(SuiteRunnerWorker.java:86)
	at org.testng.TestNG.runSuitesSequentially(TestNG.java:1198)
	at org.testng.TestNG.runSuitesLocally(TestNG.java:1123)
	at org.testng.TestNG.run(TestNG.java:1031)
	at org.testng.remote.RemoteTestNG.run(RemoteTestNG.java:115)
	at org.testng.remote.RemoteTestNG.initAndRun(RemoteTestNG.java:207)
	at org.testng.remote.RemoteTestNG.main(RemoteTestNG.java:178)
Caused by: org.openqa.selenium.firefox.NotConnectedException: Unable to connect to host 127.0.0.1 on port 7055 after 45000 ms. Firefox console output:
: {"app-profile":{"fxdriver@googlecode.com":{"d":"/var/folders/5t/cklrpd6s5pjgw8mvg4592fl80000gn/T/anonymous6113215824106626026webdriver-profile/extensions/fxdriver@googlecode.com","e":false,"v":"2.45.0","st":1459641910000,"mt":1459641910000}},"app-system-defaults":{"loop@mozilla.org":{"d":"/Applications/Firefox.app/Contents/Resources/browser/features/loop@mozilla.org.xpi","e":true,"v":"0.1","st":1458362229000}},"app-global":{"{972ce4c6-7e08-4474-a285-3208198ce6fd}":{"d":"/Applications/Firefox.app/Contents/Resources/browser/extensions/{972ce4c6-7e08-4474-a285-3208198ce6fd}.xpi","e":true,"v":"45.0.1","st":1458362229000}}}
1459641916820	addons.xpi	DEBUG	Existing add-on fxdriver@googlecode.com in app-profile
1459641916820	addons.xpi	DEBUG	getModTime: Recursive scan of loop@mozilla.org
1459641916820	addons.xpi	DEBUG	Existing add-on loop@mozilla.org in app-system-defaults
1459641916820	addons.xpi	DEBUG	getModTime: Recursive scan of {972ce4c6-7e08-4474-a285-3208198ce6fd}
1459641916821	addons.xpi	DEBUG	Existing add-on {972ce4c6-7e08-4474-a285-3208198ce6fd} in app-global
1459641916821	addons.xpi	DEBUG	getInstallState changed: false, state: {"app-profile":{"fxdriver@googlecode.com":{"d":"/var/folders/5t/cklrpd6s5pjgw8mvg4592fl80000gn/T/anonymous6113215824106626026webdriver-profile/extensions/fxdriver@googlecode.com","e":false,"v":"2.45.0","st":1459641910000,"mt":1459641910000}},"app-system-defaults":{"loop@mozilla.org":{"d":"/Applications/Firefox.app/Contents/Resources/browser/features/loop@mozilla.org.xpi","e":true,"v":"0.1","st":1458362229000}},"app-global":{"{972ce4c6-7e08-4474-a285-3208198ce6fd}":{"d":"/Applications/Firefox.app/Contents/Resources/browser/extensions/{972ce4c6-7e08-4474-a285-3208198ce6fd}.xpi","e":true,"v":"45.0.1","st":1458362229000}}}
1459641916822	addons.xpi	DEBUG	No changes found
1459641916826	addons.xpi	DEBUG	Registering manifest for /Applications/Firefox.app/Contents/Resources/browser/features/loop@mozilla.org.xpi
1459641916826	addons.xpi	DEBUG	Loading bootstrap scope from /Applications/Firefox.app/Contents/Resources/browser/features/loop@mozilla.org.xpi
1459641916834	addons.xpi	DEBUG	Calling bootstrap method startup on loop@mozilla.org version 0.1
1459641916845	addons.xpi-utils	DEBUG	Starting async load of XPI database /var/folders/5t/cklrpd6s5pjgw8mvg4592fl80000gn/T/anonymous6113215824106626026webdriver-profile/extensions.json
1459641916850	addons.manager	DEBUG	Starting provider: <unnamed-provider>
1459641916850	addons.manager	DEBUG	Registering shutdown blocker for <unnamed-provider>
1459641916850	addons.manager	DEBUG	Provider finished startup: <unnamed-provider>
1459641916857	addons.manager	DEBUG	Registering shutdown blocker for XPIProvider
1459641916857	addons.manager	DEBUG	Provider finished startup: XPIProvider
1459641916858	addons.manager	DEBUG	Starting provider: LightweightThemeManager
1459641916858	addons.manager	DEBUG	Registering shutdown blocker for LightweightThemeManager
1459641916858	addons.manager	DEBUG	Provider finished startup: LightweightThemeManager
1459641916858	addons.manager	DEBUG	Starting provider: GMPProvider
1459641916861	addons.manager	DEBUG	Registering shutdown blocker for GMPProvider
1459641916861	addons.manager	DEBUG	Provider finished startup: GMPProvider
1459641916861	addons.manager	DEBUG	Starting provider: PluginProvider
1459641916861	addons.manager	DEBUG	Registering shutdown blocker for PluginProvider
1459641916861	addons.manager	DEBUG	Provider finished startup: PluginProvider
1459641916861	addons.manager	DEBUG	Completed startup sequence
1459641917039	addons.xpi-utils	DEBUG	Async JSON file read took 0 MS
1459641917039	addons.xpi-utils	DEBUG	Finished async read of XPI database, parsing...
1459641917040	addons.xpi-utils	DEBUG	Successfully read XPI database
*** Blocklist::_loadBlocklistFromFile: blocklist is disabled
1459641917109	addons.manager	DEBUG	Starting provider: PreviousExperimentProvider
1459641917109	addons.manager	DEBUG	Registering shutdown blocker for PreviousExperimentProvider
1459641917109	addons.manager	DEBUG	Provider finished startup: PreviousExperimentProvider

	at org.openqa.selenium.firefox.internal.NewProfileExtensionConnection.start(NewProfileExtensionConnection.java:118)
	... 31 more
]]>
    </failure>
  </testcase> <!-- testGoogle -->
</testsuite> <!-- example.TestngProg1 -->
