<?xml version="1.0" encoding="UTF-8"?>
<!-- Generated by org.testng.reporters.JUnitReportReporter -->
<testsuite hostname="WINDOWS-H1ADOPU" name="com.opit.test.datadriven.suiteA.Test1" tests="1" failures="0" timestamp="28 Mar 2016 04:59:15 GMT" time="3.746" errors="0">
  <testcase name="test1" time="3.746" classname="com.opit.test.datadriven.suiteA.Test1"/>
</testsuite> <!-- com.opit.test.datadriven.suiteA.Test1 -->
