<?xml version="1.0" encoding="UTF-8"?>
<!-- Generated by org.testng.reporters.JUnitReportReporter -->
<testsuite hostname="WINDOWS-H1ADOPU" name="com.opit.test.testng.TestCase2" tests="8" failures="0" timestamp="19 Mar 2016 01:08:57 GMT" time="0.015" errors="0">
  <testcase name="testB" time="0.002" classname="com.opit.test.testng.TestCase2"/>
  <testcase name="testD" time="0.001" classname="com.opit.test.testng.TestCase2"/>
  <testcase name="testC" time="0.000" classname="com.opit.test.testng.TestCase2"/>
  <testcase name="testA" time="0.000" classname="com.opit.test.testng.TestCase2"/>
  <testcase name="testA" time="0.000" classname="com.opit.test.testng.TestCase2"/>
  <testcase name="testB" time="0.011" classname="com.opit.test.testng.TestCase2"/>
  <testcase name="testD" time="0.000" classname="com.opit.test.testng.TestCase2"/>
  <testcase name="testC" time="0.001" classname="com.opit.test.testng.TestCase2"/>
</testsuite> <!-- com.opit.test.testng.TestCase2 -->
