<?xml version="1.0" encoding="UTF-8"?>
<!-- Generated by org.testng.reporters.JUnitReportReporter -->
<testsuite hostname="shrutis-MacBook-Pro.local" name="com.opit.test.testng.RegTest" tests="2" failures="0" timestamp="3 Apr 2016 01:28:20 GMT" time="0.007" errors="0">
  <testcase name="testReg" time="0.006" classname="com.opit.test.testng.RegTest"/>
  <testcase name="testReg" time="0.001" classname="com.opit.test.testng.RegTest"/>
</testsuite> <!-- com.opit.test.testng.RegTest -->
