<?xml version="1.0" encoding="UTF-8"?>
<!-- Generated by org.testng.reporters.JUnitReportReporter -->
<testsuite hostname="shrutis-MacBook-Pro.local" name="com.opit.testng.GmailPhotoTest" tests="1" failures="0" timestamp="18 Mar 2016 06:32:07 GMT" time="0.003" errors="0">
  <testcase name="f" time="0.003" classname="com.opit.testng.GmailPhotoTest"/>
</testsuite> <!-- com.opit.testng.GmailPhotoTest -->
