<?xml version="1.0" encoding="UTF-8"?>
<!-- Generated by org.testng.reporters.JUnitReportReporter -->
<testsuite hostname="shrutis-MacBook-Pro.local" name="com.opit.testng.GmailTest" tests="2" failures="0" timestamp="18 Mar 2016 06:18:39 GMT" time="0.006" errors="0">
  <testcase name="testReceiveMail" time="0.004" classname="com.opit.testng.GmailTest"/>
  <testcase name="testSendMail" time="0.002" classname="com.opit.testng.GmailTest"/>
</testsuite> <!-- com.opit.testng.GmailTest -->
