<?xml version="1.0" encoding="UTF-8"?>
<!-- Generated by org.testng.reporters.JUnitReportReporter -->
<testsuite hostname="WINDOWS-H1ADOPU" name="com.opit.testng.GmailTest" tests="2" failures="0" timestamp="15 Mar 2016 04:43:02 GMT" time="0.003" errors="0">
  <testcase name="testSendMail" time="0.002" classname="com.opit.testng.GmailTest"/>
  <testcase name="testReceiveMail" time="0.001" classname="com.opit.testng.GmailTest"/>
</testsuite> <!-- com.opit.testng.GmailTest -->
